<?xml version="1.0" encoding="UTF-8"?>
<testsuite xmlns:xsi="http://www.w3.org/2001/XMLSchema-instance" xsi:noNamespaceSchemaLocation="https://maven.apache.org/surefire/maven-surefire-plugin/xsd/surefire-test-report-3.0.xsd" version="3.0" name="com.empresa.apiatencioncanales.ApiAtencioncanalesApplicationTests" time="14.597" tests="1" errors="0" skipped="0" failures="0">
  <properties>
[...]
</properties>
  <testcase name="contextLoads" classname="com.empresa.apiatencioncanales.ApiAtencioncanalesApplicationTests" time="0.637">
    <system-out><![CDATA[01:24:50.804 [main] INFO org.springframework.test.context.support.AnnotationConfigContextLoaderUtils -- Could not detect default configuration classes for test class [com.empresa.apiatencioncanales.ApiAtencioncanalesApplicationTests]: ApiAtencioncanalesApplicationTests does not declare any static, non-private, non-final, nested classes annotated with @Configuration.
01:24:50.951 [main] INFO org.springframework.boot.test.context.SpringBootTestContextBootstrapper -- Found @SpringBootConfiguration com.empresa.apiatencioncanales.ApiAtencioncanalesApplication for test class com.empresa.apiatencioncanales.ApiAtencioncanalesApplicationTests
01:24:51.182 [main] INFO org.springframework.boot.devtools.restart.RestartApplicationListener -- Restart disabled due to context in which it is running

  .   ____          _            __ _ _
 /\\ / ___'_ __ _ _(_)_ __  __ _ \ \ \ \
( ( )\___ | '_ | '_| | '_ \/ _` | \ \ \ \
 \\/  ___)| |_)| | | | | || (_| |  ) ) ) )
  '  |____| .__|_| |_|_| |_\__, | / / / /
 =========|_|==============|___/=/_/_/_/
 :: Spring Boot ::                (v3.1.5)

2023-11-19T01:24:51.521-03:00  INFO 28296 --- [           main] c.e.a.ApiAtencioncanalesApplicationTests : Starting ApiAtencioncanalesApplicationTests using Java 17.0.9 with PID 28296 (started by lucas in C:\Users\lucas\OneDrive\Escritorio\Proyecto Entidad Financiera\api-atencioncanales)
2023-11-19T01:24:51.524-03:00  INFO 28296 --- [           main] c.e.a.ApiAtencioncanalesApplicationTests : No active profile set, falling back to 1 default profile: "default"
2023-11-19T01:24:52.569-03:00  INFO 28296 --- [           main] .s.d.r.c.RepositoryConfigurationDelegate : Bootstrapping Spring Data JPA repositories in DEFAULT mode.
2023-11-19T01:24:52.649-03:00  INFO 28296 --- [           main] .s.d.r.c.RepositoryConfigurationDelegate : Finished Spring Data repository scanning in 68 ms. Found 1 JPA repository interfaces.
2023-11-19T01:24:53.254-03:00  INFO 28296 --- [           main] o.hibernate.jpa.internal.util.LogHelper  : HHH000204: Processing PersistenceUnitInfo [name: default]
2023-11-19T01:24:53.344-03:00  INFO 28296 --- [           main] org.hibernate.Version                    : HHH000412: Hibernate ORM core version 6.2.13.Final
2023-11-19T01:24:53.347-03:00  INFO 28296 --- [           main] org.hibernate.cfg.Environment            : HHH000406: Using bytecode reflection optimizer
2023-11-19T01:24:53.751-03:00  INFO 28296 --- [           main] o.s.o.j.p.SpringPersistenceUnitInfo      : No LoadTimeWeaver setup: ignoring JPA class transformer
2023-11-19T01:24:53.790-03:00  INFO 28296 --- [           main] com.zaxxer.hikari.HikariDataSource       : HikariPool-1 - Starting...
2023-11-19T01:24:58.644-03:00  INFO 28296 --- [           main] com.zaxxer.hikari.pool.HikariPool        : HikariPool-1 - Added connection org.postgresql.jdbc.PgConnection@58e03769
2023-11-19T01:24:58.646-03:00  INFO 28296 --- [           main] com.zaxxer.hikari.HikariDataSource       : HikariPool-1 - Start completed.
2023-11-19T01:25:01.223-03:00  INFO 28296 --- [           main] o.h.e.t.j.p.i.JtaPlatformInitiator       : HHH000489: No JTA platform available (set 'hibernate.transaction.jta.platform' to enable JTA platform integration)
2023-11-19T01:25:02.824-03:00  INFO 28296 --- [           main] j.LocalContainerEntityManagerFactoryBean : Initialized JPA EntityManagerFactory for persistence unit 'default'
2023-11-19T01:25:04.492-03:00  INFO 28296 --- [           main] c.e.a.ApiAtencioncanalesApplicationTests : Started ApiAtencioncanalesApplicationTests in 13.326 seconds (process running for 14.619)
]]></system-out>
  </testcase>
</testsuite>